
           1111111111
           1111111111
           1111111111
           1111111111
           1111111111
           0000000000
           0000000000
           0000000000
           0000000000
           0000000000
5555511111|2222222222|3333300000|4444444444
5555511111|2222222222|3333300000|4444444444
5555511111|2222222222|3333300000|4444444444
5555511111|2222222222|3333300000|4444444444
5555511111|2222222222|3333300000|4444444444
5555511111|2222222222|3333300000|4444444444
5555511111|2222222222|3333300000|4444444444
5555511111|2222222222|3333300000|4444444444
5555511111|2222222222|3333300000|4444444444
5555511111|2222222222|3333300000|4444444444
           5555555555
           5555555555
           5555555555
           5555555555
           5555555555
           3333333333
           3333333333
           3333333333
           3333333333
           3333333333

           1111111111
           1111111111
           1111111111
           1111111111
           1111111111
           0000000000
           0000000000
           0000000000
           0000000000
           0000000000
5555511111|2222222222|3333300000|4444444444
5555511111|2222222222|3333300000|4444444444
5555511111|2222222222|3333300000|4444444444
5555511111|2222222222|3333300000|4444444444
5555511111|2222222222|3333300000|4444444444
4444444444|5555511111|2222222222|3333300000
4444444444|5555511111|2222222222|3333300000
4444444444|5555511111|2222222222|3333300000
4444444444|5555511111|2222222222|3333300000
4444444444|5555511111|2222222222|3333300000
           3333355555
           3333355555
           3333355555
           3333355555
           3333355555
           3333355555
           3333355555
           3333355555
           3333355555
           3333355555
